<?xml version="1.0" encoding="UTF-8"?>
<testsuite xmlns:xsi="http://www.w3.org/2001/XMLSchema-instance" xsi:noNamespaceSchemaLocation="https://maven.apache.org/surefire/maven-surefire-plugin/xsd/surefire-test-report.xsd" version="3.0.2" name="com.bvr.demo.FirstExampleApplicationTests" time="3.972" tests="1" errors="0" skipped="0" failures="0">
  <properties>
[...]
</properties>
  <testcase name="contextLoads" classname="com.bvr.demo.FirstExampleApplicationTests" time="0.857">
    <system-out><![CDATA[15:35:01.418 [main] INFO org.springframework.test.context.support.AnnotationConfigContextLoaderUtils -- Could not detect default configuration classes for test class [com.bvr.demo.FirstExampleApplicationTests]: FirstExampleApplicationTests does not declare any static, non-private, non-final, nested classes annotated with @Configuration.
15:35:01.626 [main] INFO org.springframework.boot.test.context.SpringBootTestContextBootstrapper -- Found @SpringBootConfiguration com.bvr.demo.FirstExampleApplication for test class com.bvr.demo.FirstExampleApplicationTests

  .   ____          _            __ _ _
 /\\ / ___'_ __ _ _(_)_ __  __ _ \ \ \ \
( ( )\___ | '_ | '_| | '_ \/ _` | \ \ \ \
 \\/  ___)| |_)| | | | | || (_| |  ) ) ) )
  '  |____| .__|_| |_|_| |_\__, | / / / /
 =========|_|==============|___/=/_/_/_/

 :: Spring Boot ::                (v3.5.3)

2025-07-21T15:35:02.454+05:30  INFO 1568 --- [first-example] [           main] c.bvr.demo.FirstExampleApplicationTests  : Starting FirstExampleApplicationTests using Java 21.0.6 with PID 1568 (started by user in C:\CLASSROOM\MICROSERVICES-JULY2025\first-example)
2025-07-21T15:35:02.460+05:30  INFO 1568 --- [first-example] [           main] c.bvr.demo.FirstExampleApplicationTests  : No active profile set, falling back to 1 default profile: "default"
2025-07-21T15:35:04.293+05:30  INFO 1568 --- [first-example] [           main] c.bvr.demo.FirstExampleApplicationTests  : Started FirstExampleApplicationTests in 2.394 seconds (process running for 3.774)
]]></system-out>
    <system-err><![CDATA[Mockito is currently self-attaching to enable the inline-mock-maker. This will no longer work in future releases of the JDK. Please add Mockito as an agent to your build as described in Mockito's documentation: https://javadoc.io/doc/org.mockito/mockito-core/latest/org.mockito/org/mockito/Mockito.html#0.3
WARNING: A Java agent has been loaded dynamically (C:\Users\user1\.m2\repository\net\bytebuddy\byte-buddy-agent\1.17.6\byte-buddy-agent-1.17.6.jar)
WARNING: If a serviceability tool is in use, please run with -XX:+EnableDynamicAgentLoading to hide this warning
WARNING: If a serviceability tool is not in use, please run with -Djdk.instrument.traceUsage for more information
WARNING: Dynamic loading of agents will be disallowed by default in a future release
]]></system-err>
  </testcase>
</testsuite>